<?xml version="1.0" encoding="UTF-8"?>
<testsuite name="mdl" failures="0">
</testsuite>
